#
# There is insufficient memory for the Java Runtime Environment to continue.
# Native memory allocation (malloc) failed to allocate 1048576 bytes for AllocateHeap
# Possible reasons:
#   The system is out of physical RAM or swap space
#   In 32 bit mode, the process size limit was hit
# Possible solutions:
#   Reduce memory load on the system
#   Increase physical memory or swap space
#   Check if swap backing store is full
#   Use 64 bit Java on a 64 bit OS
#   Decrease Java heap size (-Xmx/-Xms)
#   Decrease number of Java threads
#   Decrease Java thread stack sizes (-Xss)
#   Set larger code cache with -XX:ReservedCodeCacheSize=
# This output file may be truncated or incomplete.
#
#  Out of Memory Error (memory/allocation.inline.hpp:61), pid=495156, tid=0x0000000000079e04
#
# JRE version:  (8.0) (build )
# Java VM: OpenJDK 64-Bit Server VM (25.71-b00 mixed mode windows-amd64 compressed oops)
# Failed to write core dump. Minidumps are not enabled by default on client versions of Windows
#

---------------  T H R E A D  ---------------

Current thread (0x0000000002fa2800):  JavaThread "Unknown thread" [_thread_in_vm, id=499204, stack(0x0000000002ea0000,0x0000000002fa0000)]

Stack: [0x0000000002ea0000,0x0000000002fa0000]
[error occurred during error reporting (printing stack bounds), id 0xc0000005]

Native frames: (J=compiled Java code, j=interpreted, Vv=VM code, C=native code)


---------------  P R O C E S S  ---------------

Java Threads: ( => current thread )

Other Threads:

=>0x0000000002fa2800 (exited) JavaThread "Unknown thread" [_thread_in_vm, id=499204, stack(0x0000000002ea0000,0x0000000002fa0000)]

VM state:not at safepoint (normal execution)

VM Mutex/Monitor currently owned by a thread: None

Heap:
 PSYoungGen      total 153088K, used 2631K [0x0000000715b00000, 0x0000000720580000, 0x00000007c0000000)
  eden space 131584K, 2% used [0x0000000715b00000,0x0000000715d91ec8,0x000000071db80000)
  from space 21504K, 0% used [0x000000071f080000,0x000000071f080000,0x0000000720580000)
  to   space 21504K, 0% used [0x000000071db80000,0x000000071db80000,0x000000071f080000)
 ParOldGen       total 349696K, used 0K [0x00000005c1000000, 0x00000005d6580000, 0x0000000715b00000)
  object space 349696K, 0% used [0x00000005c1000000,0x00000005c1000000,0x00000005d6580000)
 Metaspace       used 777K, capacity 4480K, committed 4480K, reserved 1056768K
  class space    used 74K, capacity 384K, committed 384K, reserved 1048576K

Card table byte_map: [0x0000000012460000,0x0000000013460000] byte_map_base: 0x000000000f658000

Marking Bits: (ParMarkBitMap*) 0x00000000723ebe50
 Begin Bits: [0x0000000014c10000, 0x000000001cbd0000)
 End Bits:   [0x000000001cbd0000, 0x0000000024b90000)

Polling page: 0x0000000001520000

CodeCache: size=245760Kb used=327Kb max_used=327Kb free=245432Kb
 bounds [0x00000000030a0000, 0x0000000003310000, 0x00000000120a0000]
 total_blobs=56 nmethods=0 adapters=38
 compilation: enabled

Compilation events (0 events):
No events

GC Heap History (0 events):
No events

Deoptimization events (0 events):
No events

Classes redefined (0 events):
No events

Internal exceptions (0 events):
No events

Events (10 events):
Event: 0.016 loading class java/lang/Short
Event: 0.017 loading class java/lang/Short done
Event: 0.017 loading class java/lang/Integer
Event: 0.017 loading class java/lang/Integer done
Event: 0.017 loading class java/lang/Long
Event: 0.017 loading class java/lang/Long done
Event: 0.017 loading class java/lang/NullPointerException
Event: 0.017 loading class java/lang/NullPointerException done
Event: 0.017 loading class java/lang/ArithmeticException
Event: 0.017 loading class java/lang/ArithmeticException done


Dynamic libraries:
0x00007ff77b130000 - 0x00007ff77b165000 	C:\Program Files\Unity\Hub\Editor\2021.3.15f1\Editor\Data\PlaybackEngines\AndroidPlayer\OpenJDK\bin\java.exe
0x00007ffd64b30000 - 0x00007ffd64d28000 	C:\WINDOWS\SYSTEM32\ntdll.dll
0x00007ffd62c30000 - 0x00007ffd62cef000 	C:\WINDOWS\System32\KERNEL32.DLL
0x00007ffd62500000 - 0x00007ffd627d2000 	C:\WINDOWS\System32\KERNELBASE.dll
0x00007ffd63110000 - 0x00007ffd631be000 	C:\WINDOWS\System32\ADVAPI32.dll
0x00007ffd63ae0000 - 0x00007ffd63b7e000 	C:\WINDOWS\System32\msvcrt.dll
0x00007ffd63970000 - 0x00007ffd63a0c000 	C:\WINDOWS\System32\sechost.dll
0x00007ffd62fe0000 - 0x00007ffd63105000 	C:\WINDOWS\System32\RPCRT4.dll
0x00007ffd631d0000 - 0x00007ffd63371000 	C:\WINDOWS\System32\USER32.dll
0x00007ffd622d0000 - 0x00007ffd622f2000 	C:\WINDOWS\System32\win32u.dll
0x00007ffd64950000 - 0x00007ffd6497b000 	C:\WINDOWS\System32\GDI32.dll
0x00007ffd62300000 - 0x00007ffd6240f000 	C:\WINDOWS\System32\gdi32full.dll
0x00007ffd62410000 - 0x00007ffd624ad000 	C:\WINDOWS\System32\msvcp_win.dll
0x00007ffd62940000 - 0x00007ffd62a40000 	C:\WINDOWS\System32\ucrtbase.dll
0x00007ffd4d6b0000 - 0x00007ffd4d94a000 	C:\WINDOWS\WinSxS\amd64_microsoft.windows.common-controls_6595b64144ccf1df_6.0.19041.1110_none_60b5254171f9507e\COMCTL32.dll
0x00007ffd64ab0000 - 0x00007ffd64ae2000 	C:\WINDOWS\System32\IMM32.DLL
0x0000000072470000 - 0x0000000072542000 	C:\Program Files\Unity\Hub\Editor\2021.3.15f1\Editor\Data\PlaybackEngines\AndroidPlayer\OpenJDK\jre\bin\msvcr100.dll
0x0000000071c20000 - 0x0000000072469000 	C:\Program Files\Unity\Hub\Editor\2021.3.15f1\Editor\Data\PlaybackEngines\AndroidPlayer\OpenJDK\jre\bin\server\jvm.dll
0x00007ffd62b70000 - 0x00007ffd62b78000 	C:\WINDOWS\System32\PSAPI.DLL
0x00007ffd24fa0000 - 0x00007ffd24fa9000 	C:\WINDOWS\SYSTEM32\WSOCK32.dll
0x00007ffd5d360000 - 0x00007ffd5d36a000 	C:\WINDOWS\SYSTEM32\VERSION.dll
0x00007ffd56980000 - 0x00007ffd569a7000 	C:\WINDOWS\SYSTEM32\WINMM.dll
0x00007ffd64410000 - 0x00007ffd6447b000 	C:\WINDOWS\System32\WS2_32.dll
0x00007ffd47ea0000 - 0x00007ffd47eaf000 	C:\Program Files\Unity\Hub\Editor\2021.3.15f1\Editor\Data\PlaybackEngines\AndroidPlayer\OpenJDK\jre\bin\verify.dll
0x00007ffd2bdf0000 - 0x00007ffd2be19000 	C:\Program Files\Unity\Hub\Editor\2021.3.15f1\Editor\Data\PlaybackEngines\AndroidPlayer\OpenJDK\jre\bin\java.dll
0x00007ffd2c9a0000 - 0x00007ffd2c9b6000 	C:\Program Files\Unity\Hub\Editor\2021.3.15f1\Editor\Data\PlaybackEngines\AndroidPlayer\OpenJDK\jre\bin\zip.dll

VM Arguments:
java_command: <unknown>
java_class_path (initial): C:\Program Files\Java\jre1.8.0_341\bin
Launcher Type: SUN_STANDARD

Environment Variables:
JAVA_HOME=C:/Program Files/Unity/Hub/Editor/2021.3.15f1/Editor/Data/PlaybackEngines/AndroidPlayer\OpenJDK
CLASSPATH=C:\Program Files\Java\jre1.8.0_341\bin
PATH=C:\Program Files (x86)\Common Files\Oracle\Java\javapath;C:\Program Files (x86)\Common Files\Intel\Shared Libraries\redist\intel64\compiler;C:\WINDOWS\system32;C:\WINDOWS;C:\WINDOWS\System32\Wbem;C:\WINDOWS\System32\WindowsPowerShell\v1.0\;C:\WINDOWS\System32\OpenSSH\;C:\Program Files\NVIDIA Corporation\NVIDIA NvDLISR;C:\Program Files (x86)\NVIDIA Corporation\PhysX\Common;C:\Program Files\Git\cmd;C:\Program Files\Unity\Hub\Editor\2020.3.34f1\Editor\Data\PlaybackEngines\AndroidPlayer\SDK;C:\Program Files\Unity\Hub\Editor\2020.3.34f1\Editor\Data\PlaybackEngines\AndroidPlayer\SDK\platform-tools;C:\Program Files\Unity\Hub\Editor\2020.3.34f1\Editor\Data\PlaybackEngines\AndroidPlayer\SDK\build-tools\30.0.2;C:\Program Files\Unity\Hub\Editor\2020.3.34f1\Editor\Data\PlaybackEngines\AndroidPlayer\NDK;C:\Program Files\Unity\Hub\Editor\2020.3.34f1\Editor\Data\PlaybackEngines\AndroidPlayer\OpenJDK;C:\Program Files\Unity\Hub\Editor\2020.3.34f1\Editor\Data\PlaybackEngines\AndroidPlayer\OpenJDK\bin;C:\Program Files\Unity\Hub\Editor\2020.3.34f1\Editor\Data\PlaybackEngines\AndroidPlayer\SDK\tools\bin;C:\Program Files\Git\usr\bin\;C:\Program Files\Java\jre1.8.0_341\bin;D:\InvokeAI\invokeai\.venv\Scripts\_bak_;D:\InvokeAI\invokeai\_bak_;C:\Program Files\Microsoft SQL Server\150\Tools\Binn\;C:\Program Files\Microsoft SQL Server\Client SDK\ODBC\170\Tools\Binn\;C:\Program Files\dotnet\;C:\Users\zhuko\AppData\Local\Programs\Python\Python310\Scripts\;C:\Users\zhuko\AppData\Local\Programs\Python\Python310\;C:\Users\zhuko\AppData\Local\Microsoft\WindowsApps;C:\Users\zhuko\AppData\Local\GitHubDesktop\bin;C:\Program Files\JetBrains\JetBrains Rider 2022.2\bin;;C:\Program Files\Java\jre1.8.0_341\bin;C:\Users\zhuko\.dotnet\tools
USERNAME=zhuko
OS=Windows_NT
PROCESSOR_IDENTIFIER=AMD64 Family 23 Model 8 Stepping 2, AuthenticAMD



---------------  S Y S T E M  ---------------

OS: Windows 10.0 , 64 bit Build 19041 (10.0.19041.2364)

CPU:total 16 (initial active 16) (16 cores per cpu, 1 threads per core) family 23 model 8 stepping 2, cmov, cx8, fxsr, mmx, sse, sse2, sse3, ssse3, sse4.1, sse4.2, popcnt, avx, avx2, aes, clmul, mmxext, 3dnowpref, lzcnt, sse4a, tsc, tscinvbit, tscinv, bmi1

Memory: 4k page, physical 33484040k(6688252k free), swap 71801476k(5716k free)

vm_info: OpenJDK 64-Bit Server VM (25.71-b00) for windows-amd64 JRE (1.8.0-adoptopenjdk-_2018_05_19_00_59-b00), built on May 19 2018 01:02:12 by "jenkins" with MS VC++ 10.0 (VS2010)

time: Fri Feb 17 17:37:36 2023
elapsed time: 0 seconds (0d 0h 0m 0s)

